<?xml version="1.0" encoding="UTF-8" standalone="no"?>
<!DOCTYPE log SYSTEM "logger.dtd">
<log>
<record>
  <date>2020-02-26T17:22:16</date>
  <millis>1582712536757</millis>
  <sequence>0</sequence>
  <level>START</level>
  <class>com.kms.katalon.core.logging.XmlKeywordLogger</class>
  <method>startSuite</method>
  <thread>1</thread>
  <message>Start Test Suite : Test Suites/DataExcel</message>
  <nestedLevel>0</nestedLevel>
  <property name="name">DataExcel</property>
  <property name="description"></property>
  <property name="id">Test Suites/DataExcel</property>
</record>
<record>
  <date>2020-02-26T17:22:16</date>
  <millis>1582712536785</millis>
  <sequence>1</sequence>
  <level>RUN_DATA</level>
  <class>com.kms.katalon.core.logging.XmlKeywordLogger</class>
  <method>logMessage</method>
  <thread>1</thread>
  <message>hostName = Yogi Moch Nur - DESKTOP-DB1MUI4</message>
  <nestedLevel>0</nestedLevel>
  <property name="hostName">Yogi Moch Nur - DESKTOP-DB1MUI4</property>
</record>
<record>
  <date>2020-02-26T17:22:16</date>
  <millis>1582712536787</millis>
  <sequence>2</sequence>
  <level>RUN_DATA</level>
  <class>com.kms.katalon.core.logging.XmlKeywordLogger</class>
  <method>logMessage</method>
  <thread>1</thread>
  <message>os = Windows 10 64bit</message>
  <nestedLevel>0</nestedLevel>
  <property name="os">Windows 10 64bit</property>
</record>
<record>
  <date>2020-02-26T17:22:16</date>
  <millis>1582712536788</millis>
  <sequence>3</sequence>
  <level>RUN_DATA</level>
  <class>com.kms.katalon.core.logging.XmlKeywordLogger</class>
  <method>logMessage</method>
  <thread>1</thread>
  <message>hostAddress = 10.88.81.114</message>
  <nestedLevel>0</nestedLevel>
  <property name="hostAddress">10.88.81.114</property>
</record>
<record>
  <date>2020-02-26T17:22:16</date>
  <millis>1582712536791</millis>
  <sequence>4</sequence>
  <level>RUN_DATA</level>
  <class>com.kms.katalon.core.logging.XmlKeywordLogger</class>
  <method>logMessage</method>
  <thread>1</thread>
  <message>katalonVersion = 7.2.1.1</message>
  <nestedLevel>0</nestedLevel>
  <property name="katalonVersion">7.2.1.1</property>
</record>
<record>
  <date>2020-02-26T17:22:17</date>
  <millis>1582712537302</millis>
  <sequence>5</sequence>
  <level>START</level>
  <class>com.kms.katalon.core.logging.XmlKeywordLogger</class>
  <method>startTest</method>
  <thread>1</thread>
  <message>Start Test Case : Test Cases/Account Maintenance</message>
  <nestedLevel>1</nestedLevel>
  <property name="name">Test Cases/Account Maintenance</property>
  <property name="description"></property>
  <property name="id">Test Cases/Account Maintenance</property>
  <property name="source">C:\\Users\\Yogi Moch Nur\\git\\katalonbik\\Test Cases\\Account Maintenance.tc</property>
  <property name="tag"></property>
  <property name="isOptional">false</property>
</record>
<record>
  <date>2020-02-26T17:22:17</date>
  <millis>1582712537412</millis>
  <sequence>7</sequence>
  <level>INFO</level>
  <class>com.kms.katalon.core.logging.XmlKeywordLogger</class>
  <method>logMessage</method>
  <thread>1</thread>
  <message>Username = Maahkinderjoy</message>
  <nestedLevel>1</nestedLevel>
</record>
<record>
  <date>2020-02-26T17:22:17</date>
  <millis>1582712537413</millis>
  <sequence>8</sequence>
  <level>INFO</level>
  <class>com.kms.katalon.core.logging.XmlKeywordLogger</class>
  <method>logMessage</method>
  <thread>1</thread>
  <message>Password = alamsyah333</message>
  <nestedLevel>1</nestedLevel>
</record>
<record>
  <date>2020-02-26T17:22:18</date>
  <millis>1582712538076</millis>
  <sequence>9</sequence>
  <level>START</level>
  <class>com.kms.katalon.core.logging.XmlKeywordLogger</class>
  <method>startKeyword</method>
  <thread>1</thread>
  <message>Start action : openBrowser(\&amp;quot;\&amp;quot;)</message>
  <nestedLevel>1</nestedLevel>
  <property name="startLine">19</property>
  <property name="stepIndex">1</property>
</record>
<record>
  <date>2020-02-26T17:22:18</date>
  <millis>1582712538394</millis>
  <sequence>11</sequence>
  <level>INFO</level>
  <class>com.kms.katalon.core.logging.XmlKeywordLogger</class>
  <method>logMessage</method>
  <thread>1</thread>
  <message>Starting &amp;apos;Firefox&amp;apos; driver</message>
  <nestedLevel>1</nestedLevel>
</record>
<record>
  <date>2020-02-26T17:22:18</date>
  <millis>1582712538540</millis>
  <sequence>13</sequence>
  <level>INFO</level>
  <class>com.kms.katalon.core.logging.XmlKeywordLogger</class>
  <method>logMessage</method>
  <thread>1</thread>
  <message>Action delay is set to 0 seconds</message>
  <nestedLevel>1</nestedLevel>
</record>
